<?xml version="1.0" encoding="UTF-8"?>
<!-- Generated by org.testng.reporters.JUnitXMLReporter -->
<testsuite ignored="0" hostname="ITL-LT-HP-REF-166-R08211509" failures="0" tests="2" name="ErrorValidations" time="14.839" errors="0" timestamp="2024-10-22T06:31:12 IST">
  <testcase classname="SeleniumFramework.Tests.ErrorValidationsTest" name="LoginErrorValidation" time="0.942"/>
  <testcase classname="SeleniumFramework.Tests.ErrorValidationsTest" name="ProductErrorValidation" time="4.474"/>
</testsuite> <!-- ErrorValidations -->
