<?xml version="1.0" encoding="UTF-8"?>
<!-- Generated by org.testng.reporters.JUnitXMLReporter -->
<testsuite ignored="1" hostname="ITL-LT-HP-REF-166-R08211509" failures="0" tests="2" name="PurchaseOrderTest" time="32.678" errors="0" timestamp="2024-10-22T06:14:40 IST">
  <testcase classname="SeleniumFramework.Tests.SubmitOrderTest" name="SubmitOrder" time="10.641"/>
  <testcase classname="SeleniumFramework.Tests.SubmitOrderTest" name="SubmitOrder" time="11.527"/>
  <testcase classname="SeleniumFramework.Tests.SubmitOrderTest" name="verifyOrderPageDisplayed" time="0.0">
    <ignored/>
  </testcase> <!-- verifyOrderPageDisplayed -->
</testsuite> <!-- PurchaseOrderTest -->
