<?xml version="1.0" encoding="UTF-8"?>
<!-- Generated by org.testng.reporters.JUnitXMLReporter -->
<testsuite ignored="0" hostname="ITL-LT-HP-REF-166-R08211509" failures="0" tests="3" name="SubmitOrderTest" time="44.518" errors="0" timestamp="2024-10-22T06:30:57 IST">
  <testcase classname="SeleniumFramework.Tests.SubmitOrderTest" name="SubmitOrder" time="12.146"/>
  <testcase classname="SeleniumFramework.Tests.SubmitOrderTest" name="SubmitOrder" time="11.439"/>
  <testcase classname="SeleniumFramework.Tests.SubmitOrderTest" name="verifyOrderPageDisplayed" time="1.432"/>
</testsuite> <!-- SubmitOrderTest -->
